<?xml version="1.0" encoding="UTF-8"?>
<TestRun id="b33d23af-8c40-4157-af89-0d5a941bbbf7" name="Lorcan@MIDKEMIA 2013-03-21 00:15:26" runUser="Midkemia\Lorcan" xmlns="http://microsoft.com/schemas/VisualStudio/TeamTest/2010">
  <TestSettings name="Local" id="eb9e4072-1e72-41cb-85a6-5f45a78cb497">
    <Description>These are default test settings for a local test run.</Description>
    <Deployment enabled="false" runDeploymentRoot="Lorcan_MIDKEMIA 2013-03-21 00_15_26">
      <DeploymentItem filename="E:\Projects\Maidens\Maidens.Helpers\bin\Release\Maidens.Helpers.dll" />
      <DeploymentItem filename="E:\Projects\Maidens\Maidens.Models\bin\Release\Maidens.Models.dll" />
    </Deployment>
    <Execution>
      <TestTypeSpecific />
      <AgentRule name="Execution Agents">
      </AgentRule>
    </Execution>
  </TestSettings>
  <Times creation="2013-03-21T00:15:26.1876111+00:00" queuing="2013-03-21T00:15:27.2556722+00:00" start="2013-03-21T00:15:27.3936801+00:00" finish="2013-03-21T00:16:06.2929050+00:00" />
  <ResultSummary outcome="Error">
    <Counters total="1" executed="1" error="0" failed="0" timeout="0" aborted="1" inconclusive="0" passedButRunAborted="0" notRunnable="0" notExecuted="0" disconnected="0" warning="0" passed="0" completed="0" inProgress="0" pending="0" />
    <RunInfos>
      <RunInfo computerName="MIDKEMIA" outcome="Error" timestamp="2013-03-21T00:16:06.2919049+00:00">
        <Text>Test host process exited unexpectedly.</Text>
      </RunInfo>
    </RunInfos>
  </ResultSummary>
  <TestDefinitions>
    <UnitTest name="DisplayTest" storage="e:\projects\maidens\maidens.test\bin\release\maidens.test.dll" id="a44fd078-a307-f07c-ed20-7e5d05e3b91e">
      <Execution id="af8d35bb-90b5-4b78-b009-06f34ad467b2" />
      <TestMethod codeBase="E:/Projects/Maidens/Maidens.Test/bin/Release/Maidens.Test.DLL" adapterTypeName="Microsoft.VisualStudio.TestTools.TestTypes.Unit.UnitTestAdapter, Microsoft.VisualStudio.QualityTools.Tips.UnitTest.Adapter, Version=10.0.0.0, Culture=neutral, PublicKeyToken=b03f5f7f11d50a3a" className="Maidens.Test.HtmlTest, Maidens.Test, Version=1.0.0.0, Culture=neutral, PublicKeyToken=null" name="DisplayTest" />
    </UnitTest>
  </TestDefinitions>
  <TestLists>
    <TestList name="Results Not in a List" id="8c84fa94-04c1-424b-9868-57a2d4851a1d" />
    <TestList name="All Loaded Results" id="19431567-8539-422a-85d7-44ee4e166bda" />
  </TestLists>
  <TestEntries>
    <TestEntry testId="a44fd078-a307-f07c-ed20-7e5d05e3b91e" executionId="af8d35bb-90b5-4b78-b009-06f34ad467b2" testListId="8c84fa94-04c1-424b-9868-57a2d4851a1d" />
  </TestEntries>
  <Results>
    <UnitTestResult executionId="af8d35bb-90b5-4b78-b009-06f34ad467b2" testId="a44fd078-a307-f07c-ed20-7e5d05e3b91e" testName="DisplayTest" computerName="MIDKEMIA" duration="00:00:38.7352155" startTime="2013-03-21T00:15:27.5576895+00:00" endTime="2013-03-21T00:16:06.2929050+00:00" testType="13cdc9d9-ddb5-4fa4-a97d-d965ccfc6d4b" outcome="Aborted" testListId="8c84fa94-04c1-424b-9868-57a2d4851a1d" relativeResultsDirectory="af8d35bb-90b5-4b78-b009-06f34ad467b2">
    </UnitTestResult>
  </Results>
</TestRun>