<?xml version="1.0" encoding="UTF-8"?>
<TestRun id="5a7f0f5b-9011-4b8b-9f79-74d260706e35" name="Lorcan@MIDKEMIA 2013-03-20 22:30:27" runUser="Midkemia\Lorcan" xmlns="http://microsoft.com/schemas/VisualStudio/TeamTest/2010">
  <TestSettings name="Local" id="eb9e4072-1e72-41cb-85a6-5f45a78cb497">
    <Description>These are default test settings for a local test run.</Description>
    <Deployment userDeploymentRoot="E:\Projects\Maidens\TestResults" useDefaultDeploymentRoot="false" enabled="false" runDeploymentRoot="Lorcan_MIDKEMIA 2013-03-20 22_30_27">
      <DeploymentItem filename="E:\Projects\Maidens\Maidens.Models\bin\Debug\Maidens.Models.dll" />
      <DeploymentItem filename="E:\Projects\Maidens\Maidens.Helpers\bin\Debug\Maidens.Helpers.dll" />
    </Deployment>
    <Execution>
      <TestTypeSpecific />
      <AgentRule name="Execution Agents">
      </AgentRule>
    </Execution>
  </TestSettings>
  <Times creation="2013-03-20T22:30:27.9753740+00:00" queuing="2013-03-20T22:30:29.0024327+00:00" start="2013-03-20T22:30:29.0954380+00:00" finish="2013-03-20T22:30:50.3606543+00:00" />
  <ResultSummary outcome="Completed">
    <Counters total="1" executed="1" passed="1" error="0" failed="0" timeout="0" aborted="0" inconclusive="0" passedButRunAborted="0" notRunnable="0" notExecuted="0" disconnected="0" warning="0" completed="0" inProgress="0" pending="0" />
  </ResultSummary>
  <TestDefinitions>
    <UnitTest name="BallotTest" storage="e:\projects\maidens\maidens.test\bin\debug\maidens.test.dll" id="8796687c-978c-fe3f-e335-6a228f493e28">
      <Execution id="252b940d-6709-478f-9f97-9bc27f796374" />
      <TestMethod codeBase="E:/Projects/Maidens/Maidens.Test/bin/Debug/Maidens.Test.DLL" adapterTypeName="Microsoft.VisualStudio.TestTools.TestTypes.Unit.UnitTestAdapter, Microsoft.VisualStudio.QualityTools.Tips.UnitTest.Adapter, Version=10.0.0.0, Culture=neutral, PublicKeyToken=b03f5f7f11d50a3a" className="Maidens.Test.MicrosoftTest, Maidens.Test, Version=1.0.0.0, Culture=neutral, PublicKeyToken=null" name="BallotTest" />
    </UnitTest>
  </TestDefinitions>
  <TestLists>
    <TestList name="Results Not in a List" id="8c84fa94-04c1-424b-9868-57a2d4851a1d" />
    <TestList name="All Loaded Results" id="19431567-8539-422a-85d7-44ee4e166bda" />
  </TestLists>
  <TestEntries>
    <TestEntry testId="8796687c-978c-fe3f-e335-6a228f493e28" executionId="252b940d-6709-478f-9f97-9bc27f796374" testListId="8c84fa94-04c1-424b-9868-57a2d4851a1d" />
  </TestEntries>
  <Results>
    <UnitTestResult executionId="252b940d-6709-478f-9f97-9bc27f796374" testId="8796687c-978c-fe3f-e335-6a228f493e28" testName="BallotTest" computerName="MIDKEMIA" duration="00:00:20.2965526" startTime="2013-03-20T22:30:29.2054443+00:00" endTime="2013-03-20T22:30:50.2896503+00:00" testType="13cdc9d9-ddb5-4fa4-a97d-d965ccfc6d4b" outcome="Passed" testListId="8c84fa94-04c1-424b-9868-57a2d4851a1d" relativeResultsDirectory="252b940d-6709-478f-9f97-9bc27f796374">
    </UnitTestResult>
  </Results>
</TestRun>