<?xml version="1.0" encoding="UTF-8"?>
<TestRun id="a7f016ad-126f-4b14-bc99-ed16f7f3fdb3" name="Lorcan@MIDKEMIA 2013-03-20 22:25:49" runUser="Midkemia\Lorcan" xmlns="http://microsoft.com/schemas/VisualStudio/TeamTest/2010">
  <TestSettings name="Local" id="eb9e4072-1e72-41cb-85a6-5f45a78cb497">
    <Description>These are default test settings for a local test run.</Description>
    <Deployment userDeploymentRoot="E:\Projects\Maidens\TestResults" useDefaultDeploymentRoot="false" enabled="false" runDeploymentRoot="Lorcan_MIDKEMIA 2013-03-20 22_25_49">
      <DeploymentItem filename="E:\Projects\Maidens\Maidens.Models\bin\Debug\Maidens.Models.dll" />
      <DeploymentItem filename="E:\Projects\Maidens\Maidens.Helpers\bin\Debug\Maidens.Helpers.dll" />
    </Deployment>
    <Execution>
      <TestTypeSpecific />
      <AgentRule name="Execution Agents">
      </AgentRule>
    </Execution>
  </TestSettings>
  <Times creation="2013-03-20T22:25:49.3264362+00:00" queuing="2013-03-20T22:25:50.3344938+00:00" start="2013-03-20T22:25:50.4324994+00:00" finish="2013-03-20T22:26:17.3680400+00:00" />
  <ResultSummary outcome="Error">
    <Counters total="1" executed="1" error="0" failed="0" timeout="0" aborted="1" inconclusive="0" passedButRunAborted="0" notRunnable="0" notExecuted="0" disconnected="0" warning="0" passed="0" completed="0" inProgress="0" pending="0" />
    <RunInfos>
      <RunInfo computerName="MIDKEMIA" outcome="Error" timestamp="2013-03-20T22:26:17.3670400+00:00">
        <Text>Test host process exited unexpectedly.</Text>
      </RunInfo>
    </RunInfos>
  </ResultSummary>
  <TestDefinitions>
    <UnitTest name="BallotTest" storage="e:\projects\maidens\maidens.test\bin\debug\maidens.test.dll" id="8796687c-978c-fe3f-e335-6a228f493e28">
      <Execution id="c556d4e4-792e-479b-8ed9-ddb575bfe8ad" />
      <TestMethod codeBase="E:/Projects/Maidens/Maidens.Test/bin/Debug/Maidens.Test.DLL" adapterTypeName="Microsoft.VisualStudio.TestTools.TestTypes.Unit.UnitTestAdapter, Microsoft.VisualStudio.QualityTools.Tips.UnitTest.Adapter, Version=10.0.0.0, Culture=neutral, PublicKeyToken=b03f5f7f11d50a3a" className="Maidens.Test.MicrosoftTest, Maidens.Test, Version=1.0.0.0, Culture=neutral, PublicKeyToken=null" name="BallotTest" />
    </UnitTest>
  </TestDefinitions>
  <TestLists>
    <TestList name="Results Not in a List" id="8c84fa94-04c1-424b-9868-57a2d4851a1d" />
    <TestList name="All Loaded Results" id="19431567-8539-422a-85d7-44ee4e166bda" />
  </TestLists>
  <TestEntries>
    <TestEntry testId="8796687c-978c-fe3f-e335-6a228f493e28" executionId="c556d4e4-792e-479b-8ed9-ddb575bfe8ad" testListId="8c84fa94-04c1-424b-9868-57a2d4851a1d" />
  </TestEntries>
  <Results>
    <UnitTestResult executionId="c556d4e4-792e-479b-8ed9-ddb575bfe8ad" testId="8796687c-978c-fe3f-e335-6a228f493e28" testName="BallotTest" computerName="MIDKEMIA" duration="00:00:26.8265343" startTime="2013-03-20T22:25:50.5415057+00:00" endTime="2013-03-20T22:26:17.3680400+00:00" testType="13cdc9d9-ddb5-4fa4-a97d-d965ccfc6d4b" outcome="Aborted" testListId="8c84fa94-04c1-424b-9868-57a2d4851a1d" relativeResultsDirectory="c556d4e4-792e-479b-8ed9-ddb575bfe8ad">
    </UnitTestResult>
  </Results>
</TestRun>