<?xml version="1.0" encoding="UTF-8"?>
<TestRun id="fa3b808f-c617-4778-84b9-acf1f5422d68" name="Lorcan@MIDKEMIA 2013-03-21 00:46:24" runUser="Midkemia\Lorcan" xmlns="http://microsoft.com/schemas/VisualStudio/TeamTest/2010">
  <TestSettings name="Local" id="eb9e4072-1e72-41cb-85a6-5f45a78cb497">
    <Description>These are default test settings for a local test run.</Description>
    <Deployment userDeploymentRoot="E:\Projects\Maidens\TestResults" useDefaultDeploymentRoot="false" enabled="false" runDeploymentRoot="Lorcan_MIDKEMIA 2013-03-21 00_46_24">
      <DeploymentItem filename="E:\Projects\Maidens\Maidens.Models\bin\Release\Maidens.Models.dll" />
      <DeploymentItem filename="E:\Projects\Maidens\Maidens.Helpers\bin\Debug\Maidens.Helpers.dll" />
      <DeploymentItem filename="E:\Projects\Maidens\Maidens.Models\bin\Debug\Maidens.Models.dll" />
      <DeploymentItem filename="E:\Projects\Maidens\Maidens.Helpers\bin\Release\Maidens.Helpers.dll" />
    </Deployment>
    <Execution>
      <TestTypeSpecific />
      <AgentRule name="Execution Agents">
      </AgentRule>
    </Execution>
  </TestSettings>
  <Times creation="2013-03-21T00:46:24.0838767+00:00" queuing="2013-03-21T00:46:24.2558865+00:00" start="2013-03-21T00:46:24.2808880+00:00" finish="2013-03-21T00:46:24.6169072+00:00" />
  <ResultSummary outcome="Completed">
    <Counters total="1" executed="1" passed="1" error="0" failed="0" timeout="0" aborted="0" inconclusive="0" passedButRunAborted="0" notRunnable="0" notExecuted="0" disconnected="0" warning="0" completed="0" inProgress="0" pending="0" />
  </ResultSummary>
  <TestDefinitions>
    <UnitTest name="DisplayTest" storage="e:\projects\maidens\maidens.test\bin\debug\maidens.test.dll" id="a44fd078-a307-f07c-ed20-7e5d05e3b91e">
      <Execution id="51412523-c3f0-45f3-92fe-4baafec9f880" />
      <TestMethod codeBase="E:/Projects/Maidens/Maidens.Test/bin/Debug/Maidens.Test.DLL" adapterTypeName="Microsoft.VisualStudio.TestTools.TestTypes.Unit.UnitTestAdapter, Microsoft.VisualStudio.QualityTools.Tips.UnitTest.Adapter, Version=10.0.0.0, Culture=neutral, PublicKeyToken=b03f5f7f11d50a3a" className="Maidens.Test.HtmlTest, Maidens.Test, Version=1.0.0.0, Culture=neutral, PublicKeyToken=null" name="DisplayTest" />
    </UnitTest>
  </TestDefinitions>
  <TestLists>
    <TestList name="Results Not in a List" id="8c84fa94-04c1-424b-9868-57a2d4851a1d" />
    <TestList name="All Loaded Results" id="19431567-8539-422a-85d7-44ee4e166bda" />
  </TestLists>
  <TestEntries>
    <TestEntry testId="a44fd078-a307-f07c-ed20-7e5d05e3b91e" executionId="51412523-c3f0-45f3-92fe-4baafec9f880" testListId="8c84fa94-04c1-424b-9868-57a2d4851a1d" />
  </TestEntries>
  <Results>
    <UnitTestResult executionId="51412523-c3f0-45f3-92fe-4baafec9f880" testId="a44fd078-a307-f07c-ed20-7e5d05e3b91e" testName="DisplayTest" computerName="MIDKEMIA" duration="00:00:00.0904707" startTime="2013-03-21T00:46:24.2888884+00:00" endTime="2013-03-21T00:46:24.6019063+00:00" testType="13cdc9d9-ddb5-4fa4-a97d-d965ccfc6d4b" outcome="Passed" testListId="8c84fa94-04c1-424b-9868-57a2d4851a1d" relativeResultsDirectory="51412523-c3f0-45f3-92fe-4baafec9f880">
    </UnitTestResult>
  </Results>
</TestRun>